# JRE version: Java(TM) SE Runtime Environment (8.0_181-b13) (build 1.8.0_181-b13)
# Java VM: Java HotSpot(TM) 64-Bit Server VM (25.181-b13 mixed mode linux-amd64 compressed oops)
Heap:
 PSYoungGen      total 231424K, used 12153K [0x000000076f180000, 0x000000077e880000, 0x00000007c0000000)
  eden space 214528K, 0% used [0x000000076f180000,0x000000076f180000,0x000000077c300000)
  from space 16896K, 71% used [0x000000077c300000,0x000000077cede418,0x000000077d380000)
  to   space 14336K, 0% used [0x000000077d380000,0x000000077d380000,0x000000077e180000)
 ParOldGen       total 71168K, used 14390K [0x00000006cd400000, 0x00000006d1980000, 0x000000076f180000)
  object space 71168K, 20% used [0x00000006cd400000,0x00000006ce20d8b0,0x00000006d1980000)
 Metaspace       used 30889K, capacity 31822K, committed 32000K, reserved 1075200K
  class space    used 5552K, capacity 5802K, committed 5888K, reserved 1048576K
GC Heap History (10 events):
Event: 10.239 GC heap after
Heap after GC invocations=3 (full 1):
 PSYoungGen      total 72704K, used 2626K [0x000000076f180000, 0x0000000776b00000, 0x00000007c0000000)
  eden space 62464K, 0% used [0x000000076f180000,0x000000076f180000,0x0000000772e80000)
  from space 10240K, 25% used [0x0000000773880000,0x0000000773b10ab8,0x0000000774280000)
  to   space 10240K, 0% used [0x0000000772e80000,0x0000000772e80000,0x0000000773880000)
 ParOldGen       total 71168K, used 8098K [0x00000006cd400000, 0x00000006d1980000, 0x000000076f180000)
  object space 71168K, 11% used [0x00000006cd400000,0x00000006cdbe8928,0x00000006d1980000)
 Metaspace       used 24554K, capacity 24848K, committed 25088K, reserved 1071104K
  class space    used 4174K, capacity 4275K, committed 4352K, reserved 1048576K
}
Event: 10.349 GC heap before
{Heap before GC invocations=4 (full 1):
 PSYoungGen      total 72704K, used 65090K [0x000000076f180000, 0x0000000776b00000, 0x00000007c0000000)
  eden space 62464K, 100% used [0x000000076f180000,0x0000000772e80000,0x0000000772e80000)
  from space 10240K, 25% used [0x0000000773880000,0x0000000773b10ab8,0x0000000774280000)
  to   space 10240K, 0% used [0x0000000772e80000,0x0000000772e80000,0x0000000773880000)
 ParOldGen       total 71168K, used 8098K [0x00000006cd400000, 0x00000006d1980000, 0x000000076f180000)
  object space 71168K, 11% used [0x00000006cd400000,0x00000006cdbe8928,0x00000006d1980000)
 Metaspace       used 24672K, capacity 24944K, committed 25088K, reserved 1071104K
  class space    used 4184K, capacity 4307K, committed 4352K, reserved 1048576K
Event: 10.356 GC heap after
Heap after GC invocations=4 (full 1):
 PSYoungGen      total 72704K, used 2096K [0x000000076f180000, 0x0000000777800000, 0x00000007c0000000)
  eden space 62464K, 0% used [0x000000076f180000,0x000000076f180000,0x0000000772e80000)
  from space 10240K, 20% used [0x0000000772e80000,0x000000077308c010,0x0000000773880000)
  to   space 10240K, 0% used [0x0000000776e00000,0x0000000776e00000,0x0000000777800000)
 ParOldGen       total 71168K, used 8098K [0x00000006cd400000, 0x00000006d1980000, 0x000000076f180000)
  object space 71168K, 11% used [0x00000006cd400000,0x00000006cdbe8928,0x00000006d1980000)
 Metaspace       used 24672K, capacity 24944K, committed 25088K, reserved 1071104K
  class space    used 4184K, capacity 4307K, committed 4352K, reserved 1048576K
}
Event: 10.655 GC heap before
{Heap before GC invocations=5 (full 1):
 PSYoungGen      total 72704K, used 64560K [0x000000076f180000, 0x0000000777800000, 0x00000007c0000000)
  eden space 62464K, 100% used [0x000000076f180000,0x0000000772e80000,0x0000000772e80000)
  from space 10240K, 20% used [0x0000000772e80000,0x000000077308c010,0x0000000773880000)
  to   space 10240K, 0% used [0x0000000776e00000,0x0000000776e00000,0x0000000777800000)
 ParOldGen       total 71168K, used 8098K [0x00000006cd400000, 0x00000006d1980000, 0x000000076f180000)
  object space 71168K, 11% used [0x00000006cd400000,0x00000006cdbe8928,0x00000006d1980000)
 Metaspace       used 25996K, capacity 26442K, committed 26752K, reserved 1071104K
  class space    used 4463K, capacity 4634K, committed 4736K, reserved 1048576K
Event: 10.660 GC heap after
Heap after GC invocations=5 (full 1):
 PSYoungGen      total 126464K, used 4252K [0x000000076f180000, 0x0000000777780000, 0x00000007c0000000)
  eden space 116736K, 0% used [0x000000076f180000,0x000000076f180000,0x0000000776380000)
  from space 9728K, 43% used [0x0000000776e00000,0x00000007772272f0,0x0000000777780000)
  to   space 10240K, 0% used [0x0000000776380000,0x0000000776380000,0x0000000776d80000)
 ParOldGen       total 71168K, used 8106K [0x00000006cd400000, 0x00000006d1980000, 0x000000076f180000)
  object space 71168K, 11% used [0x00000006cd400000,0x00000006cdbea928,0x00000006d1980000)
 Metaspace       used 25996K, capacity 26442K, committed 26752K, reserved 1071104K
  class space    used 4463K, capacity 4634K, committed 4736K, reserved 1048576K
}
Event: 11.536 GC heap before
{Heap before GC invocations=6 (full 1):
 PSYoungGen      total 126464K, used 120988K [0x000000076f180000, 0x0000000777780000, 0x00000007c0000000)
  eden space 116736K, 100% used [0x000000076f180000,0x0000000776380000,0x0000000776380000)
  from space 9728K, 43% used [0x0000000776e00000,0x00000007772272f0,0x0000000777780000)
  to   space 10240K, 0% used [0x0000000776380000,0x0000000776380000,0x0000000776d80000)
 ParOldGen       total 71168K, used 8106K [0x00000006cd400000, 0x00000006d1980000, 0x000000076f180000)
  object space 71168K, 11% used [0x00000006cd400000,0x00000006cdbea928,0x00000006d1980000)
 Metaspace       used 28708K, capacity 29538K, committed 29696K, reserved 1073152K
  class space    used 4998K, capacity 5251K, committed 5376K, reserved 1048576K
Event: 11.554 GC heap after
Heap after GC invocations=6 (full 1):
 PSYoungGen      total 126976K, used 10232K [0x000000076f180000, 0x000000077e180000, 0x00000007c0000000)
  eden space 116736K, 0% used [0x000000076f180000,0x000000076f180000,0x0000000776380000)
  from space 10240K, 99% used [0x0000000776380000,0x0000000776d7e290,0x0000000776d80000)
  to   space 14336K, 0% used [0x000000077d380000,0x000000077d380000,0x000000077e180000)
 ParOldGen       total 71168K, used 12462K [0x00000006cd400000, 0x00000006d1980000, 0x000000076f180000)
  object space 71168K, 17% used [0x00000006cd400000,0x00000006ce02b860,0x00000006d1980000)
 Metaspace       used 28708K, capacity 29538K, committed 29696K, reserved 1073152K
  class space    used 4998K, capacity 5251K, committed 5376K, reserved 1048576K
}
Event: 11.764 GC heap before
{Heap before GC invocations=7 (full 1):
 PSYoungGen      total 126976K, used 126968K [0x000000076f180000, 0x000000077e180000, 0x00000007c0000000)
  eden space 116736K, 100% used [0x000000076f180000,0x0000000776380000,0x0000000776380000)
  from space 10240K, 99% used [0x0000000776380000,0x0000000776d7e290,0x0000000776d80000)
  to   space 14336K, 0% used [0x000000077d380000,0x000000077d380000,0x000000077e180000)
 ParOldGen       total 71168K, used 12462K [0x00000006cd400000, 0x00000006d1980000, 0x000000076f180000)
  object space 71168K, 17% used [0x00000006cd400000,0x00000006ce02b860,0x00000006d1980000)
 Metaspace       used 28985K, capacity 29864K, committed 29952K, reserved 1073152K
  class space    used 5055K, capacity 5321K, committed 5376K, reserved 1048576K
Event: 11.772 GC heap after
Heap after GC invocations=7 (full 1):
 PSYoungGen      total 228864K, used 12415K [0x000000076f180000, 0x000000077e880000, 0x00000007c0000000)
  eden space 214528K, 0% used [0x000000076f180000,0x000000076f180000,0x000000077c300000)
  from space 14336K, 86% used [0x000000077d380000,0x000000077df9fe30,0x000000077e180000)
  to   space 16896K, 0% used [0x000000077c300000,0x000000077c300000,0x000000077d380000)
 ParOldGen       total 71168K, used 12470K [0x00000006cd400000, 0x00000006d1980000, 0x000000076f180000)
  object space 71168K, 17% used [0x00000006cd400000,0x00000006ce02d860,0x00000006d1980000)
 Metaspace       used 28985K, capacity 29864K, committed 29952K, reserved 1073152K
  class space    used 5055K, capacity 5321K, committed 5376K, reserved 1048576K
}
Event: 15.601 GC heap before
{Heap before GC invocations=8 (full 1):
 PSYoungGen      total 228864K, used 226943K [0x000000076f180000, 0x000000077e880000, 0x00000007c0000000)
  eden space 214528K, 100% used [0x000000076f180000,0x000000077c300000,0x000000077c300000)
  from space 14336K, 86% used [0x000000077d380000,0x000000077df9fe30,0x000000077e180000)
  to   space 16896K, 0% used [0x000000077c300000,0x000000077c300000,0x000000077d380000)
 ParOldGen       total 71168K, used 12470K [0x00000006cd400000, 0x00000006d1980000, 0x000000076f180000)
  object space 71168K, 17% used [0x00000006cd400000,0x00000006ce02d860,0x00000006d1980000)
 Metaspace       used 30889K, capacity 31822K, committed 32000K, reserved 1075200K
  class space    used 5552K, capacity 5802K, committed 5888K, reserved 1048576K

